<?xml version="1.0" encoding="UTF-8"?>
<!-- Generated by org.testng.reporters.JUnitXMLReporter -->
<testsuite ignored="0" hostname="DESKTOP-0DSGCN8" failures="0" tests="4" name="Test" time="32.813" errors="0" timestamp="27 Apr 2023 05:45:33 GMT">
  <testcase classname="com.testrunner.TestngFile" name="select" time="3.929"/>
  <testcase classname="com.testrunner.TestngFile" name="date" time="10.247"/>
  <testcase classname="com.testrunner.TestngFile" name="priceDetails" time="1.452"/>
  <testcase classname="com.testrunner.TestngFile" name="details" time="17.114"/>
</testsuite> <!-- Test -->
