<?xml version="1.0" encoding="UTF-8"?>
<testng-results ignored="0" total="4" passed="4" failed="0" skipped="0">
  <reporter-output>
  </reporter-output>
  <suite started-at="2023-04-27T05:45:00Z" name="Suite" finished-at="2023-04-27T05:45:33Z" duration-ms="32813">
    <groups>
    </groups>
    <test started-at="2023-04-27T05:45:00Z" name="Test" finished-at="2023-04-27T05:45:33Z" duration-ms="32813">
      <class name="com.testrunner.TestngFile">
        <test-method is-config="true" signature="browserLaunch()[pri:0, instance:com.testrunner.TestngFile@5c2375a9]" started-at="2023-04-27T05:44:49Z" name="browserLaunch" finished-at="2023-04-27T05:45:00Z" duration-ms="11395" status="PASS">
          <reporter-output>
          </reporter-output>
        </test-method> <!-- browserLaunch -->
        <test-method signature="select()[pri:0, instance:com.testrunner.TestngFile@5c2375a9]" started-at="2023-04-27T05:45:00Z" name="select" finished-at="2023-04-27T05:45:04Z" duration-ms="3929" status="PASS">
          <reporter-output>
          </reporter-output>
        </test-method> <!-- select -->
        <test-method signature="date()[pri:0, instance:com.testrunner.TestngFile@5c2375a9]" started-at="2023-04-27T05:45:04Z" name="date" finished-at="2023-04-27T05:45:14Z" depends-on-methods="com.testrunner.TestngFile.select" duration-ms="10247" status="PASS">
          <reporter-output>
          </reporter-output>
        </test-method> <!-- date -->
        <test-method signature="priceDetails()[pri:0, instance:com.testrunner.TestngFile@5c2375a9]" started-at="2023-04-27T05:45:14Z" name="priceDetails" finished-at="2023-04-27T05:45:16Z" depends-on-methods="com.testrunner.TestngFile.date" duration-ms="1452" status="PASS">
          <reporter-output>
          </reporter-output>
        </test-method> <!-- priceDetails -->
        <test-method signature="details()[pri:0, instance:com.testrunner.TestngFile@5c2375a9]" started-at="2023-04-27T05:45:16Z" name="details" finished-at="2023-04-27T05:45:33Z" depends-on-methods="com.testrunner.TestngFile.priceDetails" duration-ms="17114" status="PASS">
          <reporter-output>
          </reporter-output>
        </test-method> <!-- details -->
      </class> <!-- com.testrunner.TestngFile -->
    </test> <!-- Test -->
  </suite> <!-- Suite -->
</testng-results>
